#
# There is insufficient memory for the Java Runtime Environment to continue.
# Native memory allocation (malloc) failed to allocate 1048576 bytes for AllocateHeap
# Possible reasons:
#   The system is out of physical RAM or swap space
#   In 32 bit mode, the process size limit was hit
# Possible solutions:
#   Reduce memory load on the system
#   Increase physical memory or swap space
#   Check if swap backing store is full
#   Use 64 bit Java on a 64 bit OS
#   Decrease Java heap size (-Xmx/-Xms)
#   Decrease number of Java threads
#   Decrease Java thread stack sizes (-Xss)
#   Set larger code cache with -XX:ReservedCodeCacheSize=
# This output file may be truncated or incomplete.
#
#  Out of Memory Error (memory/allocation.inline.hpp:61), pid=12888, tid=22796
#
# JRE version:  (8.0_66-b18) (build )
# Java VM: Java HotSpot(TM) 64-Bit Server VM (25.66-b18 mixed mode windows-amd64 compressed oops)
# Failed to write core dump. Minidumps are not enabled by default on client versions of Windows
#

---------------  T H R E A D  ---------------

Current thread (0x000000000262e800):  JavaThread "Unknown thread" [_thread_in_vm, id=22796, stack(0x00000000024a0000,0x00000000025a0000)]

Stack: [0x00000000024a0000,0x00000000025a0000]
[error occurred during error reporting (printing stack bounds), id 0xc0000005]

Native frames: (J=compiled Java code, j=interpreted, Vv=VM code, C=native code)


---------------  P R O C E S S  ---------------

Java Threads: ( => current thread )

Other Threads:

=>0x000000000262e800 (exited) JavaThread "Unknown thread" [_thread_in_vm, id=22796, stack(0x00000000024a0000,0x00000000025a0000)]

VM state:not at safepoint (normal execution)

VM Mutex/Monitor currently owned by a thread: None

Heap:
 PSYoungGen      total 37888K, used 655K [0x00000000d6000000, 0x00000000d8a00000, 0x0000000100000000)
  eden space 32768K, 2% used [0x00000000d6000000,0x00000000d60a3d80,0x00000000d8000000)
  from space 5120K, 0% used [0x00000000d8500000,0x00000000d8500000,0x00000000d8a00000)
  to   space 5120K, 0% used [0x00000000d8000000,0x00000000d8000000,0x00000000d8500000)
 ParOldGen       total 86016K, used 0K [0x0000000082000000, 0x0000000087400000, 0x00000000d6000000)
  object space 86016K, 0% used [0x0000000082000000,0x0000000082000000,0x0000000087400000)
 Metaspace       used 767K, capacity 4480K, committed 4480K, reserved 1056768K
  class space    used 75K, capacity 384K, committed 384K, reserved 1048576K

Card table byte_map: [0x0000000011af0000,0x0000000011ef0000] byte_map_base: 0x00000000116e0000

Marking Bits: (ParMarkBitMap*) 0x000000005535a5b0
 Begin Bits: [0x0000000012590000, 0x0000000014510000)
 End Bits:   [0x0000000014510000, 0x0000000016490000)

Polling page: 0x0000000002420000

CodeCache: size=245760Kb used=328Kb max_used=328Kb free=245431Kb
 bounds [0x0000000002730000, 0x00000000029a0000, 0x0000000011730000]
 total_blobs=57 nmethods=0 adapters=37
 compilation: enabled

Compilation events (0 events):
No events

GC Heap History (0 events):
No events

Deoptimization events (0 events):
No events

Internal exceptions (0 events):
No events

Events (10 events):
Event: 0.174 loading class java/lang/Short
Event: 0.174 loading class java/lang/Short done
Event: 0.174 loading class java/lang/Integer
Event: 0.174 loading class java/lang/Integer done
Event: 0.174 loading class java/lang/Long
Event: 0.175 loading class java/lang/Long done
Event: 0.176 loading class java/lang/NullPointerException
Event: 0.176 loading class java/lang/NullPointerException done
Event: 0.176 loading class java/lang/ArithmeticException
Event: 0.176 loading class java/lang/ArithmeticException done


Dynamic libraries:
0x00007ff6bf680000 - 0x00007ff6bf6b7000 	C:\Program Files\Java\jdk1.8.0_66\bin\java.exe
0x00007ff95d840000 - 0x00007ff95da30000 	C:\WINDOWS\SYSTEM32\ntdll.dll
0x00007ff95d3e0000 - 0x00007ff95d492000 	C:\WINDOWS\System32\KERNEL32.DLL
0x00007ff95b440000 - 0x00007ff95b6e5000 	C:\WINDOWS\System32\KERNELBASE.dll
0x00007ff95cfb0000 - 0x00007ff95d053000 	C:\WINDOWS\System32\ADVAPI32.dll
0x00007ff95ce40000 - 0x00007ff95cede000 	C:\WINDOWS\System32\msvcrt.dll
0x00007ff95c3e0000 - 0x00007ff95c477000 	C:\WINDOWS\System32\sechost.dll
0x00007ff95d210000 - 0x00007ff95d330000 	C:\WINDOWS\System32\RPCRT4.dll
0x00007ff95d550000 - 0x00007ff95d6e4000 	C:\WINDOWS\System32\USER32.dll
0x00007ff95a7b0000 - 0x00007ff95a7d1000 	C:\WINDOWS\System32\win32u.dll
0x00007ff95d3b0000 - 0x00007ff95d3d6000 	C:\WINDOWS\System32\GDI32.dll
0x00007ff95b750000 - 0x00007ff95b8e6000 	C:\WINDOWS\System32\gdi32full.dll
0x00007ff95aa80000 - 0x00007ff95ab1e000 	C:\WINDOWS\System32\msvcp_win.dll
0x00007ff95a980000 - 0x00007ff95aa7a000 	C:\WINDOWS\System32\ucrtbase.dll
0x00007ff93ce90000 - 0x00007ff93d114000 	C:\WINDOWS\WinSxS\amd64_microsoft.windows.common-controls_6595b64144ccf1df_6.0.18362.1256_none_9e7e379be45e40e2\COMCTL32.dll
0x00007ff95bfd0000 - 0x00007ff95c306000 	C:\WINDOWS\System32\combase.dll
0x00007ff95ab20000 - 0x00007ff95aba1000 	C:\WINDOWS\System32\bcryptPrimitives.dll
0x00007ff95d700000 - 0x00007ff95d72e000 	C:\WINDOWS\System32\IMM32.DLL
0x00000000553e0000 - 0x00000000554b2000 	C:\Program Files\Java\jdk1.8.0_66\jre\bin\msvcr100.dll
0x0000000054b50000 - 0x00000000553d9000 	C:\Program Files\Java\jdk1.8.0_66\jre\bin\server\jvm.dll
0x00007ff95d6f0000 - 0x00007ff95d6f8000 	C:\WINDOWS\System32\PSAPI.DLL
0x00007ff957cb0000 - 0x00007ff957cd4000 	C:\WINDOWS\SYSTEM32\WINMM.dll
0x00007ff950c30000 - 0x00007ff950c39000 	C:\WINDOWS\SYSTEM32\WSOCK32.dll
0x00007ff95cee0000 - 0x00007ff95cf4f000 	C:\WINDOWS\System32\WS2_32.dll
0x00007ff94ac70000 - 0x00007ff94ac7a000 	C:\WINDOWS\SYSTEM32\VERSION.dll
0x00007ff957c80000 - 0x00007ff957cad000 	C:\WINDOWS\SYSTEM32\winmmbase.dll
0x00007ff95abb0000 - 0x00007ff95abfa000 	C:\WINDOWS\System32\cfgmgr32.dll
0x0000000054b40000 - 0x0000000054b4f000 	C:\Program Files\Java\jdk1.8.0_66\jre\bin\verify.dll
0x0000000054b10000 - 0x0000000054b39000 	C:\Program Files\Java\jdk1.8.0_66\jre\bin\java.dll
0x0000000054af0000 - 0x0000000054b06000 	C:\Program Files\Java\jdk1.8.0_66\jre\bin\zip.dll

VM Arguments:
java_command: <unknown>
java_class_path (initial): .
Launcher Type: SUN_STANDARD

Environment Variables:
PATH=C:\ProgramData\Oracle\Java\javapath;C:\Program Files (x86)\Intel\Intel(R) Management Engine Components\iCLS\;C:\Program Files\Intel\Intel(R) Management Engine Components\iCLS\;C:\WINDOWS\system32;C:\WINDOWS;C:\WINDOWS\System32\Wbem;C:\WINDOWS\System32\WindowsPowerShell\v1.0\;C:\WINDOWS\System32\OpenSSH\;C:\Program Files (x86)\Intel\Intel(R) Management Engine Components\DAL;C:\Program Files\Intel\Intel(R) Management Engine Components\DAL;C:\Program Files (x86)\Microsoft SQL Server\100\Tools\Binn\;C:\Program Files\Microsoft SQL Server\100\Tools\Binn\;C:\Program Files\Microsoft SQL Server\100\DTS\Binn\;C:\Program Files\PuTTY\;C:\Program Files\Git\cmd;C:\Users\DELL\AppData\Local\Programs\Python38\Scripts\;C:\Users\DELL\AppData\Local\Programs\Python38\;C:\Program Files\Java\jdk1.8.0_66\bin;C:\Users\DELL\AppData\Local\Microsoft\WindowsApps;
USERNAME=DELL
OS=Windows_NT
PROCESSOR_IDENTIFIER=Intel64 Family 6 Model 142 Stepping 9, GenuineIntel



---------------  S Y S T E M  ---------------

OS: Windows 10.0 , 64 bit Build 18362 (10.0.18362.1110)

CPU:total 4 (2 cores per cpu, 2 threads per core) family 6 model 142 stepping 9, cmov, cx8, fxsr, mmx, sse, sse2, sse3, ssse3, sse4.1, sse4.2, popcnt, avx, avx2, aes, clmul, erms, 3dnowpref, lzcnt, ht, tsc, tscinvbit, bmi1, bmi2, adx

Memory: 4k page, physical 8251856k(317128k free), swap 26066764k(4280k free)

vm_info: Java HotSpot(TM) 64-Bit Server VM (25.66-b18) for windows-amd64 JRE (1.8.0_66-b18), built on Nov  9 2015 10:51:13 by "java_re" with MS VC++ 10.0 (VS2010)

time: Sun Jan 10 09:52:29 2021
elapsed time: 0 seconds (0d 0h 0m 0s)

